2026-04-25 12:41:21 [main] INFO  log - Starting WebDriver....
2026-04-25 12:41:26 [main] INFO  log - Navigating to the URL....
2026-04-25 12:41:28 [main] INFO  log - Starting login test....
2026-04-25 12:41:28 [main] INFO  log - Enter creadential....
2026-04-25 12:41:28 [main] INFO  log - Closing Browser......
2026-04-25 12:42:29 [main] INFO  log - Starting WebDriver....
2026-04-25 12:42:31 [main] INFO  log - Navigating to the URL....
2026-04-25 12:42:34 [main] INFO  log - Starting login test....
2026-04-25 12:42:34 [main] INFO  log - Enter creadential....
2026-04-25 12:42:34 [main] INFO  log - Closing Browser......
2026-04-25 12:43:35 [main] INFO  log - Starting WebDriver....
2026-04-25 12:43:37 [main] INFO  log - Navigating to the URL....
2026-04-25 12:43:38 [main] INFO  log - Starting login test....
2026-04-25 12:43:38 [main] INFO  log - Enter creadential....
2026-04-25 12:43:38 [main] INFO  log - Closing Browser......
2026-04-26 12:00:02 [main] INFO  log - Starting WebDriver....
2026-04-26 12:00:03 [main] INFO  log - Starting WebDriver....
2026-04-26 12:00:06 [main] INFO  log - Navigating to the URL....
2026-04-26 12:00:08 [main] INFO  log - Navigating to the URL....
2026-04-26 12:00:41 [main] INFO  log - Starting login test....
2026-04-26 12:00:41 [main] INFO  log - Enter creadential....
2026-04-26 12:00:41 [main] INFO  log - Closing Browser......
2026-04-26 12:00:57 [main] INFO  log - Starting WebDriver....
2026-04-26 12:00:59 [main] INFO  log - Navigating to the URL....
2026-04-26 12:01:01 [main] INFO  log - Starting login test....
2026-04-26 12:01:01 [main] INFO  log - Enter creadential....
2026-04-26 12:01:01 [main] INFO  log - Closing Browser......
2026-04-26 12:01:17 [main] INFO  log - Starting login test....
2026-04-26 12:01:17 [main] INFO  log - Enter creadential....
2026-04-26 12:01:17 [main] INFO  log - Closing Browser......
2026-04-26 12:46:14 [main] INFO  log - Starting WebDriver....
2026-04-26 12:46:17 [main] INFO  log - Navigating to the URL....
2026-04-26 12:46:38 [main] INFO  log - Starting login test....
2026-04-26 12:46:38 [main] INFO  log - Enter creadential....
2026-04-26 12:46:39 [main] INFO  log - Closing Browser......
2026-04-26 13:02:04 [main] INFO  log - Starting WebDriver....
2026-04-26 13:02:09 [main] INFO  log - Navigating to the URL....
2026-04-26 13:02:10 [main] INFO  log - Starting login test....
2026-04-26 13:02:10 [main] INFO  log - Enter creadential....
2026-04-26 13:02:11 [main] INFO  log - Closing Browser......
2026-04-26 13:07:08 [main] INFO  log - Starting WebDriver....
2026-04-26 13:07:10 [main] INFO  log - Navigating to the URL....
2026-04-26 13:07:12 [main] INFO  log - Starting login test....
2026-04-26 13:07:12 [main] INFO  log - Enter creadential....
2026-04-26 13:07:12 [main] INFO  log - Closing Browser......
2026-04-26 13:07:13 [main] INFO  log - Starting WebDriver....
2026-04-26 13:07:14 [main] INFO  log - Navigating to the URL....
2026-04-26 13:07:15 [main] INFO  log - Starting login test....
2026-04-26 13:07:15 [main] INFO  log - Enter creadential....
2026-04-26 13:07:15 [main] INFO  log - Closing Browser......
2026-04-28 19:46:10 [main] INFO  log - Starting WebDriver....
2026-04-28 19:46:16 [main] INFO  log - Navigating to the URL....
2026-04-28 19:46:17 [main] INFO  log - Starting login test....
2026-04-28 19:46:17 [main] INFO  log - Enter creadential....
2026-04-28 19:46:19 [main] INFO  log - Verifying page title
2026-04-28 19:46:19 [main] INFO  log - Completed Login test
2026-04-28 19:46:19 [main] INFO  log - Closing Browser......
2026-04-28 19:46:19 [main] INFO  log - Starting WebDriver....
2026-04-28 19:46:21 [main] INFO  log - Navigating to the URL....
2026-04-28 19:46:21 [main] INFO  log - Starting login test....
2026-04-28 19:46:21 [main] INFO  log - Enter creadential....
2026-04-28 19:46:23 [main] INFO  log - Verifying page title
2026-04-28 19:46:23 [main] INFO  log - Completed Login test
2026-04-28 19:46:23 [main] INFO  log - Closing Browser......
2026-04-30 21:56:03 [main] INFO  log - Starting WebDriver....
2026-04-30 21:56:09 [main] INFO  log - Navigating to the URL....
2026-04-30 21:56:21 [main] INFO  log - Starting login test....
2026-04-30 21:56:22 [main] INFO  log - Enter creadential....
2026-04-30 21:56:22 [main] INFO  log - Verifying page title
2026-04-30 21:56:22 [main] INFO  log - Closing Browser......
2026-04-30 21:56:23 [main] INFO  log - Starting WebDriver....
2026-04-30 21:56:24 [main] INFO  log - Navigating to the URL....
2026-04-30 21:56:25 [main] INFO  log - Starting login test....
2026-04-30 21:56:25 [main] INFO  log - Enter creadential....
2026-04-30 21:56:25 [main] INFO  log - Verifying page title
2026-04-30 21:56:25 [main] INFO  log - Closing Browser......
2026-04-30 21:56:26 [main] INFO  log - Starting WebDriver....
2026-04-30 21:56:27 [main] INFO  log - Navigating to the URL....
2026-04-30 21:56:28 [main] INFO  log - Starting login test....
2026-04-30 21:56:28 [main] INFO  log - Enter creadential....
2026-04-30 21:56:30 [main] INFO  log - Verifying page title
2026-04-30 21:56:30 [main] INFO  log - Completed Login test
2026-04-30 21:56:30 [main] INFO  log - Closing Browser......
